? (load (compile-file "addsim20150511.lisp"))
(load (compile-file "addsim20150511.lisp"))
;Compiler warnings for "addsim20150511.lisp" :
;   In EXACT+: Unused lexical variable L
;   In EXACT+SCRAMBLED: Unused lexical variable L
;   In an anonymous lambda form inside an anonymous lambda form at position 4561: Unused lexical variable A
;   In an anonymous lambda form inside an anonymous lambda form at position 4561: Unused lexical variable B
((1 . 1) (0 5 86 0 2 0 2 0 0 0 0 2 4) 101) 
((1 . 2) (0 0 9 70 2 0 4 0 0 7 2 2 5) 101) 
((1 . 3) (0 2 0 11 71 5 2 2 0 0 0 0 7) 100) 
((1 . 4) (0 0 0 0 11 61 9 7 0 0 0 2 11) 101) 
((1 . 5) (0 0 0 0 13 16 50 11 0 2 2 0 5) 99) 
((2 . 1) (0 7 5 79 5 0 0 0 0 0 0 0 4) 100) 
((2 . 2) (2 0 4 5 80 4 0 5 0 0 0 0 0) 100) 
((2 . 3) (0 0 4 7 38 34 9 2 2 2 0 0 4) 102) 
((2 . 4) (0 2 0 7 2 43 29 7 7 0 0 0 4) 101) 
((2 . 5) (0 2 0 5 2 16 43 13 0 0 2 0 18) 101) 
((3 . 1) (0 2 0 9 79 4 0 4 0 0 0 0 4) 102) 
((3 . 2) (0 0 9 11 11 55 7 0 0 0 0 0 7) 100) 
((3 . 3) (4 0 0 5 21 9 48 0 2 2 2 0 7) 100) 
((3 . 4) (0 0 0 5 11 23 14 29 2 0 0 0 16) 100) 
((3 . 5) (0 0 0 7 0 13 23 14 18 0 5 0 20) 100) 
((4 . 1) (0 0 4 2 9 68 2 2 7 0 0 0 7) 101) 
((4 . 2) (0 0 7 9 0 20 36 13 7 0 2 0 7) 101) 
((4 . 3) (0 0 0 5 18 9 9 38 9 0 2 0 11) 101) 
((4 . 4) (4 0 0 2 2 29 7 7 34 0 4 0 13) 102) 
((4 . 5) (0 0 0 0 4 9 16 9 11 18 11 4 20) 102) 
((5 . 1) (0 0 4 0 4 7 71 4 4 0 4 0 4) 102) 
((5 . 2) (0 0 5 20 2 18 27 25 2 0 2 0 0) 101) 
((5 . 3) (0 0 2 11 9 18 5 16 23 0 5 0 11) 100) 
((5 . 4) (0 0 0 0 11 21 16 5 11 16 4 0 16) 100) 
((5 . 5) (4 0 0 0 0 7 25 11 2 4 34 4 11) 102) 
========= Running addfn = #<Compiled-function EXACT+ #xD8B527E> ===========

((1 . 1) (0 5 86 0 2 0 2 0 0 0 0 2 4)) 
((1 . 2) (0 0 9 70 2 0 4 0 0 7 2 2 5)) 
((1 . 3) (0 2 0 11 71 5 2 2 0 0 0 0 7)) 
((1 . 4) (0 0 0 0 11 61 9 7 0 0 0 2 11)) 
((1 . 5) (0 0 0 0 13 16 50 11 0 2 2 0 5)) 
((2 . 1) (0 7 5 79 5 0 0 0 0 0 0 0 4)) 
((2 . 2) (2 0 4 5 80 4 0 5 0 0 0 0 0)) 
((2 . 3) (0 0 4 7 38 34 9 2 2 2 0 0 4)) 
((2 . 4) (0 2 0 7 2 43 29 7 7 0 0 0 4)) 
((2 . 5) (0 2 0 5 2 16 43 13 0 0 2 0 18)) 
((3 . 1) (0 2 0 9 79 4 0 4 0 0 0 0 4)) 
((3 . 2) (0 0 9 11 11 55 7 0 0 0 0 0 7)) 
((3 . 3) (4 0 0 5 21 9 48 0 2 2 2 0 7)) 
((3 . 4) (0 0 0 5 11 23 14 29 2 0 0 0 16)) 
((3 . 5) (0 0 0 7 0 13 23 14 18 0 5 0 20)) 
((4 . 1) (0 0 4 2 9 68 2 2 7 0 0 0 7)) 
((4 . 2) (0 0 7 9 0 20 36 13 7 0 2 0 7)) 
((4 . 3) (0 0 0 5 18 9 9 38 9 0 2 0 11)) 
((4 . 4) (4 0 0 2 2 29 7 7 34 0 4 0 13)) 
((4 . 5) (0 0 0 0 4 9 16 9 11 18 11 4 20)) 
((5 . 1) (0 0 4 0 4 7 71 4 4 0 4 0 4)) 
((5 . 2) (0 0 5 20 2 18 27 25 2 0 2 0 0)) 
((5 . 3) (0 0 2 11 9 18 5 16 23 0 5 0 11)) 
((5 . 4) (0 0 0 0 11 21 16 5 11 16 4 0 16)) 
((5 . 5) (4 0 0 0 0 7 25 11 2 4 34 4 11)) 
((1 . 1) (0.0 5.35 85.49 0.0 1.84 0.0 2.0300002 0.0 0.0 0.0 0.0 2.14 2.02)) 
((1 . 2) (0.0 0.0 9.37 68.86 1.99 0.0 4.42 0.0 0.0 7.32 1.84 1.9300001 3.24)) 
((1 . 3) (0.0 2.17 0.0 11.27 71.25 4.8500004 1.6 2.02 0.0 0.0 0.0 0.0 6.03)) 
((1 . 4) (0.0 0.0 0.0 0.0 10.94 60.94 9.2 7.0299997 0.0 0.0 0.0 2.0300002 8.83)) 
((1 . 5) (0.0 0.0 0.0 0.0 12.48 16.140001 50.93 10.84 0.0 1.9300001 1.98 0.0 4.71)) 
((2 . 1) (0.0 6.7000003 4.84 79.479996 4.95 0.0 0.0 0.0 0.0 0.0 0.0 0.0 2.8100002)) 
((2 . 2) (2.21 0.0 4.04 4.95 79.79 3.8400002 0.0 4.1 0.0 0.0 0.0 0.0 0.0)) 
((2 . 3) (0.0 0.0 4.25 7.1099997 37.83 34.52 8.55 1.84 2.06 2.0300002 0.0 0.0 0.88)) 
((2 . 4) (0.0 1.84 0.0 7.0 2.1299999 43.47 28.119999 7.5499997 6.85 0.0 0.0 0.0 1.89)) 
((2 . 5) (0.0 2.23 0.0 4.91 1.9300001 15.83 43.149998 12.97 0.0 0.0 2.11 0.0 16.01)) 
((3 . 1) (0.0 1.8 0.0 9.2 79.1 3.9500003 0.0 3.8899999 0.0 0.0 0.0 0.0 0.95)) 
((3 . 2) (0.0 0.0 9.39 11.05 11.17 54.739998 6.9700003 0.0 0.0 0.0 0.0 0.0 5.74)) 
((3 . 3) (4.08 0.0 0.0 4.5099998 20.92 8.85 47.95 0.0 1.98 1.91 2.29 0.0 6.3600006)) 
((3 . 4) (0.0 0.0 0.0 4.78 10.8 24.0 14.08 29.640001 1.91 0.0 0.0 0.0 13.860001)) 
((3 . 5) (0.0 0.0 0.0 6.6699996 0.0 13.4800005 23.16 13.85 17.710001 0.0 5.25 0.0 19.0)) 
((4 . 1) (0.0 0.0 4.07 1.85 8.99 68.11 1.96 1.99 7.31 0.0 0.0 0.0 4.73)) 
((4 . 2) (0.0 0.0 7.4500003 8.79 0.0 20.18 35.92 12.92 7.12 0.0 1.68 0.0 4.9)) 
((4 . 3) (0.0 0.0 0.0 5.02 17.42 8.99 9.33 38.68 9.23 0.0 1.89 0.0 8.46)) 
((4 . 4) (3.88 0.0 0.0 1.99 2.05 28.61 6.56 7.0600004 35.23 0.0 3.96 0.0 9.63)) 
((4 . 5) (0.0 0.0 0.0 0.0 4.07 8.96 15.77 9.04 10.97 18.16 11.17 4.09 16.82)) 
((5 . 1) (0.0 0.0 3.87 0.0 4.12 6.88 71.28 3.98 4.14 0.0 4.13 0.0 0.87)) 
((5 . 2) (0.0 0.0 5.2999997 20.05 2.22 18.369999 27.13 24.18 1.76 0.0 0.0 0.0 0.0)) 
((5 . 3) (0.0 0.0 2.29 11.58 8.940001 18.0 4.8500004 15.440001 23.119999 0.0 4.63 0.0 10.2300005)) 
((5 . 4) (0.0 0.0 0.0 0.0 10.849999 22.050001 15.96 5.1 11.280001 15.74 3.8 0.0 14.210001)) 
((5 . 5) (4.27 0.0 0.0 0.0 0.0 6.6 24.63 11.31 2.14 3.87 34.01 3.9299998 8.38)) 
0.9991026 
========= Running addfn = #<Compiled-function EXACT+SCRAMBLED #xD79B23E> ===========

((1 . 1) (0 5 86 0 2 0 2 0 0 0 0 2 4)) 
((1 . 2) (0 0 9 70 2 0 4 0 0 7 2 2 5)) 
((1 . 3) (0 2 0 11 71 5 2 2 0 0 0 0 7)) 
((1 . 4) (0 0 0 0 11 61 9 7 0 0 0 2 11)) 
((1 . 5) (0 0 0 0 13 16 50 11 0 2 2 0 5)) 
((2 . 1) (0 7 5 79 5 0 0 0 0 0 0 0 4)) 
((2 . 2) (2 0 4 5 80 4 0 5 0 0 0 0 0)) 
((2 . 3) (0 0 4 7 38 34 9 2 2 2 0 0 4)) 
((2 . 4) (0 2 0 7 2 43 29 7 7 0 0 0 4)) 
((2 . 5) (0 2 0 5 2 16 43 13 0 0 2 0 18)) 
((3 . 1) (0 2 0 9 79 4 0 4 0 0 0 0 4)) 
((3 . 2) (0 0 9 11 11 55 7 0 0 0 0 0 7)) 
((3 . 3) (4 0 0 5 21 9 48 0 2 2 2 0 7)) 
((3 . 4) (0 0 0 5 11 23 14 29 2 0 0 0 16)) 
((3 . 5) (0 0 0 7 0 13 23 14 18 0 5 0 20)) 
((4 . 1) (0 0 4 2 9 68 2 2 7 0 0 0 7)) 
((4 . 2) (0 0 7 9 0 20 36 13 7 0 2 0 7)) 
((4 . 3) (0 0 0 5 18 9 9 38 9 0 2 0 11)) 
((4 . 4) (4 0 0 2 2 29 7 7 34 0 4 0 13)) 
((4 . 5) (0 0 0 0 4 9 16 9 11 18 11 4 20)) 
((5 . 1) (0 0 4 0 4 7 71 4 4 0 4 0 4)) 
((5 . 2) (0 0 5 20 2 18 27 25 2 0 2 0 0)) 
((5 . 3) (0 0 2 11 9 18 5 16 23 0 5 0 11)) 
((5 . 4) (0 0 0 0 11 21 16 5 11 16 4 0 16)) 
((5 . 5) (4 0 0 0 0 7 25 11 2 4 34 4 11)) 
((1 . 1) (3.83 0.0 0.0 0.0 0.0 6.95 25.52 10.57 1.87 4.24 33.8 4.14 8.1)) 
((1 . 2) (0.0 0.0 3.88 0.0 4.11 6.5899997 70.950005 4.07 4.38 0.0 3.8 0.0 1.05)) 
((1 . 3) (0.0 0.0 5.3599997 19.88 2.1 17.66 27.33 24.99 1.82 0.0 0.0 0.0 0.0)) 
((1 . 4) (0.0 0.0 2.1299999 10.7699995 8.91 17.78 4.89 16.57 23.109999 0.0 5.0099998 0.0 10.03)) 
((1 . 5) (0.0 0.0 0.0 0.0 10.65 21.33 16.09 4.93 10.9 15.700001 3.96 0.0 15.49)) 
((2 . 1) (0.0 0.0 0.0 0.0 12.67 15.549999 50.43 11.0 0.0 1.9300001 2.2 0.0 5.04)) 
((2 . 2) (0.0 5.11 85.67 0.0 1.97 0.0 1.94 0.0 0.0 0.0 0.0 2.19 2.15)) 
((2 . 3) (0.0 0.0 9.08 69.82 1.86 0.0 3.9 0.0 0.0 7.1000004 2.2 2.12 2.8999999)) 
((2 . 4) (0.0 1.98 0.0 11.16 71.200005 4.86 1.89 2.02 0.0 0.0 0.0 0.0 5.67)) 
((2 . 5) (0.0 0.0 0.0 0.0 10.76 60.73 9.03 6.79 0.0 0.0 0.0 2.08 9.39)) 
((3 . 1) (0.0 2.07 0.0 4.68 1.96 16.2 42.43 13.39 0.0 0.0 1.99 0.0 16.17)) 
((3 . 2) (0.0 6.8999996 5.15 78.72 5.3399997 0.0 0.0 0.0 0.0 0.0 0.0 0.0 2.95)) 
((3 . 3) (1.85 0.0 3.92 4.67 80.17 4.16 0.0 4.16 0.0 0.0 0.0 0.0 0.0)) 
((3 . 4) (0.0 0.0 3.78 6.5499997 38.010002 34.48 8.900001 2.04 2.12 1.97 0.0 0.0 1.01)) 
((3 . 5) (0.0 1.86 0.0 6.96 2.07 42.76 28.740002 6.9300003 7.6 0.0 0.0 0.0 1.98)) 
((4 . 1) (0.0 0.0 0.0 6.9799995 0.0 13.150001 22.03 14.300001 18.38 0.0 4.89 0.0 19.08)) 
((4 . 2) (0.0 1.72 0.0 9.049999 80.03 3.85 0.0 3.5 0.0 0.0 0.0 0.0 0.95)) 
((4 . 3) (0.0 0.0 8.88 10.849999 10.43 55.17 7.5099998 0.0 0.0 0.0 0.0 0.0 6.1099997)) 
((4 . 4) (3.7700002 0.0 0.0 4.97 20.45 9.21 47.73 0.0 2.0 2.19 1.99 0.0 6.61)) 
((4 . 5) (0.0 0.0 0.0 5.1600003 10.97 22.859999 14.16 29.300001 2.15 0.0 0.0 0.0 14.440001)) 
((5 . 1) (0.0 0.0 0.0 0.0 3.96 8.65 15.35 8.96 11.25 18.099998 11.509999 4.11 17.14)) 
((5 . 2) (0.0 0.0 3.72 1.86 8.97 68.13 2.08 2.0 7.27 0.0 0.0 0.0 5.04)) 
((5 . 3) (0.0 0.0 6.84 9.42 0.0 19.91 36.12 13.429999 6.46 0.0 2.08 0.0 4.73)) 
((5 . 4) (0.0 0.0 0.0 4.5899997 17.77 8.900001 9.21 38.350002 9.37 0.0 1.84 0.0 8.99)) 
((5 . 5) (4.25 0.0 0.0 1.74 2.27 28.39 7.2400002 6.7000003 34.56 0.0 4.11 0.0 9.64)) 
0.059677158 
========= Running addfn = #<Compiled-function + #x409E8BE> ===========

((1 . 1) (0 5 86 0 2 0 2 0 0 0 0 2 4)) 
((1 . 2) (0 0 9 70 2 0 4 0 0 7 2 2 5)) 
((1 . 3) (0 2 0 11 71 5 2 2 0 0 0 0 7)) 
((1 . 4) (0 0 0 0 11 61 9 7 0 0 0 2 11)) 
((1 . 5) (0 0 0 0 13 16 50 11 0 2 2 0 5)) 
((2 . 1) (0 7 5 79 5 0 0 0 0 0 0 0 4)) 
((2 . 2) (2 0 4 5 80 4 0 5 0 0 0 0 0)) 
((2 . 3) (0 0 4 7 38 34 9 2 2 2 0 0 4)) 
((2 . 4) (0 2 0 7 2 43 29 7 7 0 0 0 4)) 
((2 . 5) (0 2 0 5 2 16 43 13 0 0 2 0 18)) 
((3 . 1) (0 2 0 9 79 4 0 4 0 0 0 0 4)) 
((3 . 2) (0 0 9 11 11 55 7 0 0 0 0 0 7)) 
((3 . 3) (4 0 0 5 21 9 48 0 2 2 2 0 7)) 
((3 . 4) (0 0 0 5 11 23 14 29 2 0 0 0 16)) 
((3 . 5) (0 0 0 7 0 13 23 14 18 0 5 0 20)) 
((4 . 1) (0 0 4 2 9 68 2 2 7 0 0 0 7)) 
((4 . 2) (0 0 7 9 0 20 36 13 7 0 2 0 7)) 
((4 . 3) (0 0 0 5 18 9 9 38 9 0 2 0 11)) 
((4 . 4) (4 0 0 2 2 29 7 7 34 0 4 0 13)) 
((4 . 5) (0 0 0 0 4 9 16 9 11 18 11 4 20)) 
((5 . 1) (0 0 4 0 4 7 71 4 4 0 4 0 4)) 
((5 . 2) (0 0 5 20 2 18 27 25 2 0 2 0 0)) 
((5 . 3) (0 0 2 11 9 18 5 16 23 0 5 0 11)) 
((5 . 4) (0 0 0 0 11 21 16 5 11 16 4 0 16)) 
((5 . 5) (4 0 0 0 0 7 25 11 2 4 34 4 11)) 
((1 . 1) (0.0 0.0 100.0 0.0 0.0 0.0 0.0 0.0 0.0 0.0 0.0 0.0 0.0)) 
((1 . 2) (0.0 0.0 0.0 100.0 0.0 0.0 0.0 0.0 0.0 0.0 0.0 0.0 0.0)) 
((1 . 3) (0.0 0.0 0.0 0.0 100.0 0.0 0.0 0.0 0.0 0.0 0.0 0.0 0.0)) 
((1 . 4) (0.0 0.0 0.0 0.0 0.0 100.0 0.0 0.0 0.0 0.0 0.0 0.0 0.0)) 
((1 . 5) (0.0 0.0 0.0 0.0 0.0 0.0 100.0 0.0 0.0 0.0 0.0 0.0 0.0)) 
((2 . 1) (0.0 0.0 0.0 100.0 0.0 0.0 0.0 0.0 0.0 0.0 0.0 0.0 0.0)) 
((2 . 2) (0.0 0.0 0.0 0.0 100.0 0.0 0.0 0.0 0.0 0.0 0.0 0.0 0.0)) 
((2 . 3) (0.0 0.0 0.0 0.0 0.0 100.0 0.0 0.0 0.0 0.0 0.0 0.0 0.0)) 
((2 . 4) (0.0 0.0 0.0 0.0 0.0 0.0 100.0 0.0 0.0 0.0 0.0 0.0 0.0)) 
((2 . 5) (0.0 0.0 0.0 0.0 0.0 0.0 0.0 100.0 0.0 0.0 0.0 0.0 0.0)) 
((3 . 1) (0.0 0.0 0.0 0.0 100.0 0.0 0.0 0.0 0.0 0.0 0.0 0.0 0.0)) 
((3 . 2) (0.0 0.0 0.0 0.0 0.0 100.0 0.0 0.0 0.0 0.0 0.0 0.0 0.0)) 
((3 . 3) (0.0 0.0 0.0 0.0 0.0 0.0 100.0 0.0 0.0 0.0 0.0 0.0 0.0)) 
((3 . 4) (0.0 0.0 0.0 0.0 0.0 0.0 0.0 100.0 0.0 0.0 0.0 0.0 0.0)) 
((3 . 5) (0.0 0.0 0.0 0.0 0.0 0.0 0.0 0.0 100.0 0.0 0.0 0.0 0.0)) 
((4 . 1) (0.0 0.0 0.0 0.0 0.0 100.0 0.0 0.0 0.0 0.0 0.0 0.0 0.0)) 
((4 . 2) (0.0 0.0 0.0 0.0 0.0 0.0 100.0 0.0 0.0 0.0 0.0 0.0 0.0)) 
((4 . 3) (0.0 0.0 0.0 0.0 0.0 0.0 0.0 100.0 0.0 0.0 0.0 0.0 0.0)) 
((4 . 4) (0.0 0.0 0.0 0.0 0.0 0.0 0.0 0.0 100.0 0.0 0.0 0.0 0.0)) 
((4 . 5) (0.0 0.0 0.0 0.0 0.0 0.0 0.0 0.0 0.0 100.0 0.0 0.0 0.0)) 
((5 . 1) (0.0 0.0 0.0 0.0 0.0 0.0 100.0 0.0 0.0 0.0 0.0 0.0 0.0)) 
((5 . 2) (0.0 0.0 0.0 0.0 0.0 0.0 0.0 100.0 0.0 0.0 0.0 0.0 0.0)) 
((5 . 3) (0.0 0.0 0.0 0.0 0.0 0.0 0.0 0.0 100.0 0.0 0.0 0.0 0.0)) 
((5 . 4) (0.0 0.0 0.0 0.0 0.0 0.0 0.0 0.0 0.0 100.0 0.0 0.0 0.0)) 
((5 . 5) (0.0 0.0 0.0 0.0 0.0 0.0 0.0 0.0 0.0 0.0 100.0 0.0 0.0)) 
0.7743889 
========= Running addfn = #<Anonymous Function #xCB84356> ===========

((1 . 1) (0 5 86 0 2 0 2 0 0 0 0 2 4)) 
((1 . 2) (0 0 9 70 2 0 4 0 0 7 2 2 5)) 
((1 . 3) (0 2 0 11 71 5 2 2 0 0 0 0 7)) 
((1 . 4) (0 0 0 0 11 61 9 7 0 0 0 2 11)) 
((1 . 5) (0 0 0 0 13 16 50 11 0 2 2 0 5)) 
((2 . 1) (0 7 5 79 5 0 0 0 0 0 0 0 4)) 
((2 . 2) (2 0 4 5 80 4 0 5 0 0 0 0 0)) 
((2 . 3) (0 0 4 7 38 34 9 2 2 2 0 0 4)) 
((2 . 4) (0 2 0 7 2 43 29 7 7 0 0 0 4)) 
((2 . 5) (0 2 0 5 2 16 43 13 0 0 2 0 18)) 
((3 . 1) (0 2 0 9 79 4 0 4 0 0 0 0 4)) 
((3 . 2) (0 0 9 11 11 55 7 0 0 0 0 0 7)) 
((3 . 3) (4 0 0 5 21 9 48 0 2 2 2 0 7)) 
((3 . 4) (0 0 0 5 11 23 14 29 2 0 0 0 16)) 
((3 . 5) (0 0 0 7 0 13 23 14 18 0 5 0 20)) 
((4 . 1) (0 0 4 2 9 68 2 2 7 0 0 0 7)) 
((4 . 2) (0 0 7 9 0 20 36 13 7 0 2 0 7)) 
((4 . 3) (0 0 0 5 18 9 9 38 9 0 2 0 11)) 
((4 . 4) (4 0 0 2 2 29 7 7 34 0 4 0 13)) 
((4 . 5) (0 0 0 0 4 9 16 9 11 18 11 4 20)) 
((5 . 1) (0 0 4 0 4 7 71 4 4 0 4 0 4)) 
((5 . 2) (0 0 5 20 2 18 27 25 2 0 2 0 0)) 
((5 . 3) (0 0 2 11 9 18 5 16 23 0 5 0 11)) 
((5 . 4) (0 0 0 0 11 21 16 5 11 16 4 0 16)) 
((5 . 5) (4 0 0 0 0 7 25 11 2 4 34 4 11)) 
((1 . 1) (7.88 8.17 8.67 8.24 8.05 7.64 8.5 8.88 8.48 8.349999 8.75 8.389999 0.0)) 
((1 . 2) (8.59 8.49 8.36 8.18 8.309999 8.13 8.41 7.7200003 8.51 8.65 8.299999 8.349999 0.0)) 
((1 . 3) (8.24 8.6 8.21 7.96 8.66 8.030001 8.71 8.45 8.150001 8.54 8.190001 8.26 0.0)) 
((1 . 4) (8.59 8.45 8.030001 8.54 8.46 8.05 8.32 8.150001 8.51 8.55 7.99 8.36 0.0)) 
((1 . 5) (8.2 8.09 8.44 8.32 8.5199995 7.9700003 8.13 8.81 8.55 8.34 8.44 8.190001 0.0)) 
((2 . 1) (8.36 8.120001 8.46 8.4 8.7 8.120001 7.96 7.9700003 8.4 8.44 8.690001 8.38 0.0)) 
((2 . 2) (8.23 8.53 8.02 8.24 8.8 8.780001 8.190001 8.17 8.08 8.6 8.2699995 8.09 0.0)) 
((2 . 3) (8.42 8.32 8.5 7.99 8.4 8.34 8.38 8.820001 8.44 8.04 7.8599997 8.49 0.0)) 
((2 . 4) (8.44 8.24 8.24 8.2699995 7.7 8.95 8.54 7.8500004 8.349999 8.33 8.299999 8.79 0.0)) 
((2 . 5) (8.71 8.22 8.37 8.309999 8.120001 8.38 7.8100004 8.5199995 8.17 8.41 8.61 8.37 0.0)) 
((3 . 1) (8.92 8.04 8.01 8.1 7.98 7.91 8.33 8.79 8.6 8.55 8.17 8.6 0.0)) 
((3 . 2) (8.55 8.18 8.38 8.46 8.2699995 8.22 7.88 8.61 8.32 7.9700003 8.88 8.28 0.0)) 
((3 . 3) (8.24 8.17 8.14 8.81 8.53 8.37 8.23 8.38 8.24 8.32 8.38 8.190001 0.0)) 
((3 . 4) (8.45 8.46 8.25 8.110001 7.8900003 8.2699995 8.09 8.4 8.54 8.17 8.8 8.57 0.0)) 
((3 . 5) (8.47 8.47 8.120001 8.55 8.2 8.389999 8.2699995 8.58 8.22 8.01 8.4 8.32 0.0)) 
((4 . 1) (8.36 8.25 8.14 8.79 8.74 8.01 8.53 8.24 8.05 8.36 8.08 8.45 0.0)) 
((4 . 2) (8.120001 8.32 8.110001 8.21 8.16 8.44 7.9400005 9.03 8.67 8.28 8.6 8.120001 0.0)) 
((4 . 3) (8.68 7.8500004 8.4 8.299999 8.29 8.46 8.23 8.299999 8.24 8.51 8.25 8.49 0.0)) 
((4 . 4) (8.309999 8.01 9.049999 8.18 8.61 8.33 8.23 8.110001 8.38 8.04 7.99 8.76 0.0)) 
((4 . 5) (8.25 8.83 8.55 8.780001 8.16 7.75 8.08 8.16 8.0 8.5199995 8.61 8.309999 0.0)) 
((5 . 1) (8.55 8.2699995 8.53 8.5199995 8.44 7.9300003 8.690001 8.4 8.45 7.87 8.42 7.9300003 0.0)) 
((5 . 2) (8.41 8.56 8.45 8.56 8.62 8.299999 8.13 8.49 7.92 8.61 7.9000006 8.05 0.0)) 
((5 . 3) (8.38 8.16 8.41 7.98 8.150001 8.59 8.51 8.309999 8.6 8.150001 8.45 8.309999 0.0)) 
((5 . 4) (8.77 8.070001 8.24 8.45 8.2 8.87 8.08 8.65 8.54 8.299999 7.8199997 8.01 0.0)) 
((5 . 5) (8.030001 8.349999 7.91 8.53 8.29 8.8 7.88 8.74 8.42 8.45 8.34 8.26 0.0)) 
-0.015455664 
========= Running addfn = #<Compiled-function ADD-WITH-SEQUENCE-ERRORS #xCB802BE> ===========

((1 . 1) (0 5 86 0 2 0 2 0 0 0 0 2 4)) 
((1 . 2) (0 0 9 70 2 0 4 0 0 7 2 2 5)) 
((1 . 3) (0 2 0 11 71 5 2 2 0 0 0 0 7)) 
((1 . 4) (0 0 0 0 11 61 9 7 0 0 0 2 11)) 
((1 . 5) (0 0 0 0 13 16 50 11 0 2 2 0 5)) 
((2 . 1) (0 7 5 79 5 0 0 0 0 0 0 0 4)) 
((2 . 2) (2 0 4 5 80 4 0 5 0 0 0 0 0)) 
((2 . 3) (0 0 4 7 38 34 9 2 2 2 0 0 4)) 
((2 . 4) (0 2 0 7 2 43 29 7 7 0 0 0 4)) 
((2 . 5) (0 2 0 5 2 16 43 13 0 0 2 0 18)) 
((3 . 1) (0 2 0 9 79 4 0 4 0 0 0 0 4)) 
((3 . 2) (0 0 9 11 11 55 7 0 0 0 0 0 7)) 
((3 . 3) (4 0 0 5 21 9 48 0 2 2 2 0 7)) 
((3 . 4) (0 0 0 5 11 23 14 29 2 0 0 0 16)) 
((3 . 5) (0 0 0 7 0 13 23 14 18 0 5 0 20)) 
((4 . 1) (0 0 4 2 9 68 2 2 7 0 0 0 7)) 
((4 . 2) (0 0 7 9 0 20 36 13 7 0 2 0 7)) 
((4 . 3) (0 0 0 5 18 9 9 38 9 0 2 0 11)) 
((4 . 4) (4 0 0 2 2 29 7 7 34 0 4 0 13)) 
((4 . 5) (0 0 0 0 4 9 16 9 11 18 11 4 20)) 
((5 . 1) (0 0 4 0 4 7 71 4 4 0 4 0 4)) 
((5 . 2) (0 0 5 20 2 18 27 25 2 0 2 0 0)) 
((5 . 3) (0 0 2 11 9 18 5 16 23 0 5 0 11)) 
((5 . 4) (0 0 0 0 11 21 16 5 11 16 4 0 16)) 
((5 . 5) (4 0 0 0 0 7 25 11 2 4 34 4 11)) 
((1 . 1) (0.0 0.0 100.0 0.0 0.0 0.0 0.0 0.0 0.0 0.0 0.0 0.0 0.0)) 
((1 . 2) (0.0 0.0 0.0 100.0 0.0 0.0 0.0 0.0 0.0 0.0 0.0 0.0 0.0)) 
((1 . 3) (0.0 0.0 0.0 0.0 100.0 0.0 0.0 0.0 0.0 0.0 0.0 0.0 0.0)) 
((1 . 4) (0.0 0.0 0.0 0.0 0.0 100.0 0.0 0.0 0.0 0.0 0.0 0.0 0.0)) 
((1 . 5) (0.0 0.0 0.0 0.0 0.0 0.0 100.0 0.0 0.0 0.0 0.0 0.0 0.0)) 
((2 . 1) (0.0 0.0 0.0 100.0 0.0 0.0 0.0 0.0 0.0 0.0 0.0 0.0 0.0)) 
((2 . 2) (0.0 0.0 0.0 0.0 100.0 0.0 0.0 0.0 0.0 0.0 0.0 0.0 0.0)) 
((2 . 3) (0.0 0.0 0.0 0.0 33.3 66.7 0.0 0.0 0.0 0.0 0.0 0.0 0.0)) 
((2 . 4) (0.0 0.0 0.0 0.0 0.0 0.0 100.0 0.0 0.0 0.0 0.0 0.0 0.0)) 
((2 . 5) (0.0 0.0 0.0 0.0 0.0 0.0 0.0 100.0 0.0 0.0 0.0 0.0 0.0)) 
((3 . 1) (0.0 0.0 0.0 0.0 100.0 0.0 0.0 0.0 0.0 0.0 0.0 0.0 0.0)) 
((3 . 2) (0.0 0.0 0.0 0.0 0.0 100.0 0.0 0.0 0.0 0.0 0.0 0.0 0.0)) 
((3 . 3) (0.0 0.0 0.0 0.0 0.0 0.0 100.0 0.0 0.0 0.0 0.0 0.0 0.0)) 
((3 . 4) (0.0 0.0 0.0 0.0 0.0 33.75 0.0 66.25 0.0 0.0 0.0 0.0 0.0)) 
((3 . 5) (0.0 0.0 0.0 0.0 0.0 0.0 0.0 0.0 100.0 0.0 0.0 0.0 0.0)) 
((4 . 1) (0.0 0.0 0.0 0.0 0.0 100.0 0.0 0.0 0.0 0.0 0.0 0.0 0.0)) 
((4 . 2) (0.0 0.0 0.0 0.0 0.0 0.0 100.0 0.0 0.0 0.0 0.0 0.0 0.0)) 
((4 . 3) (0.0 0.0 0.0 0.0 0.0 0.0 0.0 100.0 0.0 0.0 0.0 0.0 0.0)) 
((4 . 4) (0.0 0.0 0.0 0.0 0.0 0.0 0.0 0.0 100.0 0.0 0.0 0.0 0.0)) 
((4 . 5) (0.0 0.0 0.0 0.0 0.0 0.0 33.559998 0.0 0.0 66.439995 0.0 0.0 0.0)) 
((5 . 1) (0.0 0.0 0.0 0.0 0.0 0.0 100.0 0.0 0.0 0.0 0.0 0.0 0.0)) 
((5 . 2) (0.0 0.0 0.0 0.0 0.0 0.0 0.0 100.0 0.0 0.0 0.0 0.0 0.0)) 
((5 . 3) (0.0 0.0 0.0 0.0 0.0 0.0 0.0 0.0 100.0 0.0 0.0 0.0 0.0)) 
((5 . 4) (0.0 0.0 0.0 0.0 0.0 0.0 0.0 0.0 0.0 100.0 0.0 0.0 0.0)) 
((5 . 5) (0.0 0.0 0.0 0.0 0.0 0.0 0.0 0.0 0.0 0.0 100.0 0.0 0.0)) 
0.79673195 
========= Running addfn = #<Compiled-function RANDOM+-* #xCB847D6> ===========

((1 . 1) (0 5 86 0 2 0 2 0 0 0 0 2 4)) 
((1 . 2) (0 0 9 70 2 0 4 0 0 7 2 2 5)) 
((1 . 3) (0 2 0 11 71 5 2 2 0 0 0 0 7)) 
((1 . 4) (0 0 0 0 11 61 9 7 0 0 0 2 11)) 
((1 . 5) (0 0 0 0 13 16 50 11 0 2 2 0 5)) 
((2 . 1) (0 7 5 79 5 0 0 0 0 0 0 0 4)) 
((2 . 2) (2 0 4 5 80 4 0 5 0 0 0 0 0)) 
((2 . 3) (0 0 4 7 38 34 9 2 2 2 0 0 4)) 
((2 . 4) (0 2 0 7 2 43 29 7 7 0 0 0 4)) 
((2 . 5) (0 2 0 5 2 16 43 13 0 0 2 0 18)) 
((3 . 1) (0 2 0 9 79 4 0 4 0 0 0 0 4)) 
((3 . 2) (0 0 9 11 11 55 7 0 0 0 0 0 7)) 
((3 . 3) (4 0 0 5 21 9 48 0 2 2 2 0 7)) 
((3 . 4) (0 0 0 5 11 23 14 29 2 0 0 0 16)) 
((3 . 5) (0 0 0 7 0 13 23 14 18 0 5 0 20)) 
((4 . 1) (0 0 4 2 9 68 2 2 7 0 0 0 7)) 
((4 . 2) (0 0 7 9 0 20 36 13 7 0 2 0 7)) 
((4 . 3) (0 0 0 5 18 9 9 38 9 0 2 0 11)) 
((4 . 4) (4 0 0 2 2 29 7 7 34 0 4 0 13)) 
((4 . 5) (0 0 0 0 4 9 16 9 11 18 11 4 20)) 
((5 . 1) (0 0 4 0 4 7 71 4 4 0 4 0 4)) 
((5 . 2) (0 0 5 20 2 18 27 25 2 0 2 0 0)) 
((5 . 3) (0 0 2 11 9 18 5 16 23 0 5 0 11)) 
((5 . 4) (0 0 0 0 11 21 16 5 11 16 4 0 16)) 
((5 . 5) (4 0 0 0 0 7 25 11 2 4 34 4 11)) 
((1 . 1) (33.539997 33.23 33.23 0.0 0.0 0.0 0.0 0.0 0.0 0.0 0.0 0.0 0.0)) 
((1 . 2) (0.0 0.0 33.37 33.719997 0.0 0.0 0.0 0.0 0.0 0.0 0.0 0.0 0.0)) 
((1 . 3) (0.0 0.0 0.0 33.71 33.48 0.0 0.0 0.0 0.0 0.0 0.0 0.0 0.0)) 
((1 . 4) (0.0 0.0 0.0 0.0 32.52 33.899998 0.0 0.0 0.0 0.0 0.0 0.0 0.0)) 
((1 . 5) (0.0 0.0 0.0 0.0 0.0 33.14 33.04 0.0 0.0 0.0 0.0 0.0 0.0)) 
((2 . 1) (0.0 33.42 32.85 33.73 0.0 0.0 0.0 0.0 0.0 0.0 0.0 0.0 0.0)) 
((2 . 2) (33.97 0.0 0.0 0.0 66.03 0.0 0.0 0.0 0.0 0.0 0.0 0.0 0.0)) 
((2 . 3) (0.0 0.0 0.0 0.0 0.0 33.46 33.04 0.0 0.0 0.0 0.0 0.0 0.0)) 
((2 . 4) (0.0 0.0 0.0 0.0 0.0 0.0 33.329998 0.0 33.09 0.0 0.0 0.0 0.0)) 
((2 . 5) (0.0 0.0 0.0 0.0 0.0 0.0 0.0 33.989998 0.0 0.0 33.32 0.0 0.0)) 
((3 . 1) (0.0 0.0 34.06 32.95 32.989998 0.0 0.0 0.0 0.0 0.0 0.0 0.0 0.0)) 
((3 . 2) (0.0 33.0 0.0 0.0 0.0 33.559998 33.44 0.0 0.0 0.0 0.0 0.0 0.0)) 
((3 . 3) (33.309998 0.0 0.0 0.0 0.0 0.0 33.6 0.0 0.0 33.09 0.0 0.0 0.0)) 
((3 . 4) (0.0 0.0 0.0 0.0 0.0 0.0 0.0 33.78 0.0 0.0 0.0 0.0 33.379997)) 
((3 . 5) (0.0 0.0 0.0 0.0 0.0 0.0 0.0 0.0 32.81 0.0 0.0 0.0 33.91)) 
((4 . 1) (0.0 0.0 0.0 33.21 33.43 33.36 0.0 0.0 0.0 0.0 0.0 0.0 0.0)) 
((4 . 2) (0.0 0.0 32.86 0.0 0.0 0.0 33.43 0.0 33.71 0.0 0.0 0.0 0.0)) 
((4 . 3) (0.0 33.86 0.0 0.0 0.0 0.0 0.0 32.75 0.0 0.0 0.0 0.0 33.39)) 
((4 . 4) (32.47 0.0 0.0 0.0 0.0 0.0 0.0 0.0 34.2 0.0 0.0 0.0 33.329998)) 
((4 . 5) (0.0 0.0 0.0 0.0 0.0 0.0 0.0 0.0 0.0 34.12 0.0 0.0 33.6)) 
((5 . 1) (0.0 0.0 0.0 0.0 33.19 32.83 33.98 0.0 0.0 0.0 0.0 0.0 0.0)) 
((5 . 2) (0.0 0.0 0.0 33.079998 0.0 0.0 0.0 33.41 0.0 0.0 33.51 0.0 0.0)) 
((5 . 3) (0.0 0.0 33.45 0.0 0.0 0.0 0.0 0.0 33.51 0.0 0.0 0.0 33.04)) 
((5 . 4) (0.0 33.82 0.0 0.0 0.0 0.0 0.0 0.0 0.0 32.82 0.0 0.0 33.36)) 
((5 . 5) (33.239998 0.0 0.0 0.0 0.0 0.0 0.0 0.0 0.0 0.0 32.82 0.0 33.94)) 
0.5392802 
(#<Compiled-function EXACT+ #xCB7FD16> . 0.9991026) 
(#<Compiled-function EXACT+SCRAMBLED #xCB84C66> . 0.059677158) 
(#<Compiled-function + #x409E8BE> . 0.7743889) 
(#<Anonymous Function #xCB84356> . -0.015455664) 
(#<Compiled-function ADD-WITH-SEQUENCE-ERRORS #xCB802BE> . 0.79673195) 
(#<Compiled-function RANDOM+-* #xCB847D6> . 0.5392802) 
#P"/Users/jeffshrager/Desktop/etc/scads/addsim20150511.dx32fsl"
? 